<?xml version='1.0' encoding='UTF-8' ?>
<testsuite name="com.netninja.SmokeInstrumentedTest" tests="1" failures="0" errors="0" skipped="0" time="20.682" timestamp="2026-02-09T04:27:59" hostname="localhost">
  <properties>
    <property name="device" value="emulator-5554 - 14" />
    <property name="flavor" value="" />
    <property name="project" value=":app" />
  </properties>
  <testcase name="appContextHasExpectedPackage" classname="com.netninja.SmokeInstrumentedTest" time="0.102" />
</testsuite>